[debug] [2021-12-07T14:25:42.393Z] ----------------------------------------------------------------------
[debug] [2021-12-07T14:25:42.396Z] Command:       C:\Program Files\nodejs\node.exe C:\Users\Duy\AppData\Roaming\npm\node_modules\firebase-tools\lib\bin\firebase.js deploy
[debug] [2021-12-07T14:25:42.396Z] CLI Version:   9.23.0
[debug] [2021-12-07T14:25:42.396Z] Platform:      win32
[debug] [2021-12-07T14:25:42.396Z] Node Version:  v16.13.0
[debug] [2021-12-07T14:25:42.397Z] Time:          Tue Dec 07 2021 21:25:42 GMT+0700 (Indochina Time)
[debug] [2021-12-07T14:25:42.397Z] ----------------------------------------------------------------------
[debug] 
[debug] [2021-12-07T14:25:42.445Z] > command requires scopes: ["email","openid","https://www.googleapis.com/auth/cloudplatformprojects.readonly","https://www.googleapis.com/auth/firebase","https://www.googleapis.com/auth/cloud-platform"]
[debug] [2021-12-07T14:25:42.445Z] > authorizing via signed-in user (thienduy181@gmail.com)
[debug] [2021-12-07T14:25:42.446Z] [iam] checking project clone-2250a for permissions ["cloudfunctions.functions.create","cloudfunctions.functions.delete","cloudfunctions.functions.get","cloudfunctions.functions.list","cloudfunctions.functions.update","cloudfunctions.operations.get","firebase.projects.get","firebasehosting.sites.update"]
[debug] [2021-12-07T14:25:42.448Z] >>> HTTP REQUEST POST https://cloudresourcemanager.googleapis.com/v1/projects/clone-2250a:testIamPermissions  
 {"permissions":["cloudfunctions.functions.create","cloudfunctions.functions.delete","cloudfunctions.functions.get","cloudfunctions.functions.list","cloudfunctions.functions.update","cloudfunctions.operations.get","firebase.projects.get","firebasehosting.sites.update"]}
[debug] [2021-12-07T14:25:43.591Z] <<< HTTP RESPONSE 200 {"content-type":"application/json; charset=UTF-8","vary":"X-Origin, Referer, Origin,Accept-Encoding","date":"Tue, 07 Dec 2021 14:25:44 GMT","server":"ESF","cache-control":"private","x-xss-protection":"0","x-frame-options":"SAMEORIGIN","x-content-type-options":"nosniff","server-timing":"gfet4t7; dur=989","alt-svc":"h3=\":443\"; ma=2592000,h3-29=\":443\"; ma=2592000,h3-Q050=\":443\"; ma=2592000,h3-Q046=\":443\"; ma=2592000,h3-Q043=\":443\"; ma=2592000,quic=\":443\"; ma=2592000; v=\"46,43\"","accept-ranges":"none","transfer-encoding":"chunked"}
[debug] [2021-12-07T14:25:43.593Z] >>> HTTP REQUEST POST https://iam.googleapis.com/v1/projects/clone-2250a/serviceAccounts/clone-2250a@appspot.gserviceaccount.com:testIamPermissions  
 {"permissions":["iam.serviceAccounts.actAs"]}
[debug] [2021-12-07T14:25:44.819Z] <<< HTTP RESPONSE 200 {"content-type":"application/json; charset=UTF-8","vary":"X-Origin, Referer, Origin,Accept-Encoding","date":"Tue, 07 Dec 2021 14:25:45 GMT","server":"ESF","cache-control":"private","x-xss-protection":"0","x-frame-options":"SAMEORIGIN","x-content-type-options":"nosniff","alt-svc":"h3=\":443\"; ma=2592000,h3-29=\":443\"; ma=2592000,h3-Q050=\":443\"; ma=2592000,h3-Q046=\":443\"; ma=2592000,h3-Q043=\":443\"; ma=2592000,quic=\":443\"; ma=2592000; v=\"46,43\"","accept-ranges":"none","transfer-encoding":"chunked"}
[debug] [2021-12-07T14:25:44.820Z] > refreshing access token with scopes: []
[debug] [2021-12-07T14:25:44.820Z] >>> HTTP REQUEST POST https://www.googleapis.com/oauth2/v3/token  
 <request body omitted>
[debug] [2021-12-07T14:25:44.959Z] <<< HTTP RESPONSE 200 {"cache-control":"no-cache, no-store, max-age=0, must-revalidate","date":"Tue, 07 Dec 2021 14:25:45 GMT","pragma":"no-cache","expires":"Mon, 01 Jan 1990 00:00:00 GMT","content-type":"application/json; charset=utf-8","vary":"X-Origin, Referer, Origin,Accept-Encoding","server":"scaffolding on HTTPServer2","x-xss-protection":"0","x-frame-options":"SAMEORIGIN","x-content-type-options":"nosniff","alt-svc":"h3=\":443\"; ma=2592000,h3-29=\":443\"; ma=2592000,h3-Q050=\":443\"; ma=2592000,h3-Q046=\":443\"; ma=2592000,h3-Q043=\":443\"; ma=2592000,quic=\":443\"; ma=2592000; v=\"46,43\"","accept-ranges":"none","transfer-encoding":"chunked"}
[debug] [2021-12-07T14:25:44.970Z] >>> [apiv2][query] GET https://firebase.googleapis.com/v1beta1/projects/clone-2250a [none]
[debug] [2021-12-07T14:25:45.406Z] <<< [apiv2][status] GET https://firebase.googleapis.com/v1beta1/projects/clone-2250a 200
[debug] [2021-12-07T14:25:45.406Z] <<< [apiv2][body] GET https://firebase.googleapis.com/v1beta1/projects/clone-2250a {"projectId":"clone-2250a","projectNumber":"1011603159364","displayName":"amazon-clone","name":"projects/clone-2250a","resources":{"hostingSite":"clone-2250a","storageBucket":"clone-2250a.appspot.com","locationId":"asia-southeast1"},"state":"ACTIVE"}
[info] 
[info] === Deploying to 'clone-2250a'...
[info] 
[info] i  deploying functions, hosting 
[info] Running command: npm --prefix "$RESOURCE_DIR" run lint
[info] +  functions: Finished running predeploy script. 
[debug] [2021-12-07T14:25:47.431Z] Validating nodejs source
[debug] [2021-12-07T14:25:49.605Z] > [functions] package.json contents: {
  "name": "functions",
  "description": "Cloud Functions for Firebase",
  "scripts": {
    "lint": "eslint .",
    "serve": "firebase emulators:start --only functions",
    "shell": "firebase functions:shell",
    "start": "npm run shell",
    "deploy": "firebase deploy --only functions",
    "logs": "firebase functions:log"
  },
  "engines": {
    "node": "14"
  },
  "main": "index.js",
  "dependencies": {
    "babel-eslint": "^10.1.0",
    "cors": "^2.8.5",
    "express": "^4.17.1",
    "firebase-admin": "^9.8.0",
    "firebase-functions": "^3.14.1",
    "stripe": "^8.191.0"
  },
  "devDependencies": {
    "eslint": "^7.6.0",
    "eslint-config-google": "^0.14.0",
    "firebase-functions-test": "^0.2.0"
  },
  "private": true
}
[debug] [2021-12-07T14:25:49.605Z] Building nodejs source
[info] i  functions: ensuring required API cloudfunctions.googleapis.com is enabled... 
[debug] [2021-12-07T14:25:49.606Z] > refreshing access token with scopes: ["email","https://www.googleapis.com/auth/cloud-platform","https://www.googleapis.com/auth/cloudplatformprojects.readonly","https://www.googleapis.com/auth/firebase","openid"]
[debug] [2021-12-07T14:25:49.606Z] >>> HTTP REQUEST POST https://www.googleapis.com/oauth2/v3/token  
 <request body omitted>
[debug] [2021-12-07T14:25:49.607Z] > refreshing access token with scopes: ["email","https://www.googleapis.com/auth/cloud-platform","https://www.googleapis.com/auth/cloudplatformprojects.readonly","https://www.googleapis.com/auth/firebase","openid"]
[debug] [2021-12-07T14:25:49.607Z] >>> HTTP REQUEST POST https://www.googleapis.com/oauth2/v3/token  
 <request body omitted>
[info] i  functions: ensuring required API cloudbuild.googleapis.com is enabled... 
[debug] [2021-12-07T14:25:49.608Z] > refreshing access token with scopes: ["email","https://www.googleapis.com/auth/cloud-platform","https://www.googleapis.com/auth/cloudplatformprojects.readonly","https://www.googleapis.com/auth/firebase","openid"]
[debug] [2021-12-07T14:25:49.608Z] >>> HTTP REQUEST POST https://www.googleapis.com/oauth2/v3/token  
 <request body omitted>
[info] i  functions: ensuring required API artifactregistry.googleapis.com is enabled... 
[debug] [2021-12-07T14:25:49.609Z] > refreshing access token with scopes: ["email","https://www.googleapis.com/auth/cloud-platform","https://www.googleapis.com/auth/cloudplatformprojects.readonly","https://www.googleapis.com/auth/firebase","openid"]
[debug] [2021-12-07T14:25:49.609Z] >>> HTTP REQUEST POST https://www.googleapis.com/oauth2/v3/token  
 <request body omitted>
[debug] [2021-12-07T14:25:49.750Z] <<< HTTP RESPONSE 200 {"expires":"Mon, 01 Jan 1990 00:00:00 GMT","cache-control":"no-cache, no-store, max-age=0, must-revalidate","date":"Tue, 07 Dec 2021 14:25:50 GMT","pragma":"no-cache","content-type":"application/json; charset=utf-8","vary":"X-Origin, Referer, Origin,Accept-Encoding","server":"scaffolding on HTTPServer2","x-xss-protection":"0","x-frame-options":"SAMEORIGIN","x-content-type-options":"nosniff","alt-svc":"h3=\":443\"; ma=2592000,h3-29=\":443\"; ma=2592000,h3-Q050=\":443\"; ma=2592000,h3-Q046=\":443\"; ma=2592000,h3-Q043=\":443\"; ma=2592000,quic=\":443\"; ma=2592000; v=\"46,43\"","accept-ranges":"none","transfer-encoding":"chunked"}
[debug] [2021-12-07T14:25:49.758Z] >>> HTTP REQUEST GET https://serviceusage.googleapis.com/v1/projects/clone-2250a/services/cloudbuild.googleapis.com  
 
[debug] [2021-12-07T14:25:49.760Z] <<< HTTP RESPONSE 200 {"cache-control":"no-cache, no-store, max-age=0, must-revalidate","expires":"Mon, 01 Jan 1990 00:00:00 GMT","pragma":"no-cache","date":"Tue, 07 Dec 2021 14:25:50 GMT","content-type":"application/json; charset=utf-8","vary":"X-Origin, Referer, Origin,Accept-Encoding","server":"scaffolding on HTTPServer2","x-xss-protection":"0","x-frame-options":"SAMEORIGIN","x-content-type-options":"nosniff","alt-svc":"h3=\":443\"; ma=2592000,h3-29=\":443\"; ma=2592000,h3-Q050=\":443\"; ma=2592000,h3-Q046=\":443\"; ma=2592000,h3-Q043=\":443\"; ma=2592000,quic=\":443\"; ma=2592000; v=\"46,43\"","accept-ranges":"none","transfer-encoding":"chunked"}
[debug] [2021-12-07T14:25:49.767Z] >>> HTTP REQUEST GET https://serviceusage.googleapis.com/v1/projects/clone-2250a/services/runtimeconfig.googleapis.com  
 
[debug] [2021-12-07T14:25:49.768Z] <<< HTTP RESPONSE 200 {"expires":"Mon, 01 Jan 1990 00:00:00 GMT","pragma":"no-cache","cache-control":"no-cache, no-store, max-age=0, must-revalidate","date":"Tue, 07 Dec 2021 14:25:50 GMT","content-type":"application/json; charset=utf-8","vary":"X-Origin, Referer, Origin,Accept-Encoding","server":"scaffolding on HTTPServer2","x-xss-protection":"0","x-frame-options":"SAMEORIGIN","x-content-type-options":"nosniff","alt-svc":"h3=\":443\"; ma=2592000,h3-29=\":443\"; ma=2592000,h3-Q050=\":443\"; ma=2592000,h3-Q046=\":443\"; ma=2592000,h3-Q043=\":443\"; ma=2592000,quic=\":443\"; ma=2592000; v=\"46,43\"","accept-ranges":"none","transfer-encoding":"chunked"}
[debug] [2021-12-07T14:25:49.775Z] >>> HTTP REQUEST GET https://serviceusage.googleapis.com/v1/projects/clone-2250a/services/cloudfunctions.googleapis.com  
 
[debug] [2021-12-07T14:25:49.776Z] <<< HTTP RESPONSE 200 {"date":"Tue, 07 Dec 2021 14:25:50 GMT","cache-control":"no-cache, no-store, max-age=0, must-revalidate","pragma":"no-cache","expires":"Mon, 01 Jan 1990 00:00:00 GMT","content-type":"application/json; charset=utf-8","vary":"X-Origin, Referer, Origin,Accept-Encoding","server":"scaffolding on HTTPServer2","x-xss-protection":"0","x-frame-options":"SAMEORIGIN","x-content-type-options":"nosniff","alt-svc":"h3=\":443\"; ma=2592000,h3-29=\":443\"; ma=2592000,h3-Q050=\":443\"; ma=2592000,h3-Q046=\":443\"; ma=2592000,h3-Q043=\":443\"; ma=2592000,quic=\":443\"; ma=2592000; v=\"46,43\"","accept-ranges":"none","transfer-encoding":"chunked"}
[debug] [2021-12-07T14:25:49.783Z] >>> HTTP REQUEST GET https://serviceusage.googleapis.com/v1/projects/clone-2250a/services/artifactregistry.googleapis.com  
 
[debug] [2021-12-07T14:25:51.295Z] <<< HTTP RESPONSE 200 {"content-type":"application/json; charset=UTF-8","vary":"X-Origin, Referer, Origin,Accept-Encoding","date":"Tue, 07 Dec 2021 14:25:52 GMT","server":"ESF","cache-control":"private","x-xss-protection":"0","x-frame-options":"SAMEORIGIN","x-content-type-options":"nosniff","alt-svc":"h3=\":443\"; ma=2592000,h3-29=\":443\"; ma=2592000,h3-Q050=\":443\"; ma=2592000,h3-Q046=\":443\"; ma=2592000,h3-Q043=\":443\"; ma=2592000,quic=\":443\"; ma=2592000; v=\"46,43\"","accept-ranges":"none","transfer-encoding":"chunked"}
[debug] [2021-12-07T14:25:51.344Z] <<< HTTP RESPONSE 200 {"content-type":"application/json; charset=UTF-8","vary":"X-Origin, Referer, Origin,Accept-Encoding","date":"Tue, 07 Dec 2021 14:25:52 GMT","server":"ESF","cache-control":"private","x-xss-protection":"0","x-frame-options":"SAMEORIGIN","x-content-type-options":"nosniff","alt-svc":"h3=\":443\"; ma=2592000,h3-29=\":443\"; ma=2592000,h3-Q050=\":443\"; ma=2592000,h3-Q046=\":443\"; ma=2592000,h3-Q043=\":443\"; ma=2592000,quic=\":443\"; ma=2592000; v=\"46,43\"","accept-ranges":"none","transfer-encoding":"chunked"}
[info] +  functions: required API artifactregistry.googleapis.com is enabled 
[debug] [2021-12-07T14:25:51.397Z] <<< HTTP RESPONSE 200 {"content-type":"application/json; charset=UTF-8","vary":"X-Origin, Referer, Origin,Accept-Encoding","date":"Tue, 07 Dec 2021 14:25:52 GMT","server":"ESF","cache-control":"private","x-xss-protection":"0","x-frame-options":"SAMEORIGIN","x-content-type-options":"nosniff","alt-svc":"h3=\":443\"; ma=2592000,h3-29=\":443\"; ma=2592000,h3-Q050=\":443\"; ma=2592000,h3-Q046=\":443\"; ma=2592000,h3-Q043=\":443\"; ma=2592000,quic=\":443\"; ma=2592000; v=\"46,43\"","accept-ranges":"none","transfer-encoding":"chunked"}
[info] +  functions: required API cloudfunctions.googleapis.com is enabled 
[debug] [2021-12-07T14:25:51.435Z] <<< HTTP RESPONSE 200 {"content-type":"application/json; charset=UTF-8","vary":"X-Origin, Referer, Origin,Accept-Encoding","date":"Tue, 07 Dec 2021 14:25:52 GMT","server":"ESF","cache-control":"private","x-xss-protection":"0","x-frame-options":"SAMEORIGIN","x-content-type-options":"nosniff","alt-svc":"h3=\":443\"; ma=2592000,h3-29=\":443\"; ma=2592000,h3-Q050=\":443\"; ma=2592000,h3-Q046=\":443\"; ma=2592000,h3-Q043=\":443\"; ma=2592000,quic=\":443\"; ma=2592000; v=\"46,43\"","accept-ranges":"none","transfer-encoding":"chunked"}
[info] +  functions: required API cloudbuild.googleapis.com is enabled 
[debug] [2021-12-07T14:25:51.436Z] >>> HTTP REQUEST GET https://firebase.googleapis.com/v1beta1/projects/clone-2250a/adminSdkConfig  
 
[debug] [2021-12-07T14:25:51.838Z] <<< HTTP RESPONSE 200 {"content-type":"application/json; charset=UTF-8","vary":"X-Origin, Referer, Origin,Accept-Encoding","date":"Tue, 07 Dec 2021 14:25:52 GMT","server":"ESF","cache-control":"private","x-xss-protection":"0","x-frame-options":"SAMEORIGIN","x-content-type-options":"nosniff","alt-svc":"h3=\":443\"; ma=2592000,h3-29=\":443\"; ma=2592000,h3-Q050=\":443\"; ma=2592000,h3-Q046=\":443\"; ma=2592000,h3-Q043=\":443\"; ma=2592000,quic=\":443\"; ma=2592000; v=\"46,43\"","accept-ranges":"none","transfer-encoding":"chunked"}
[debug] [2021-12-07T14:25:51.839Z] >>> HTTP REQUEST GET https://runtimeconfig.googleapis.com/v1beta1/projects/clone-2250a/configs  
 
[debug] [2021-12-07T14:25:52.326Z] <<< HTTP RESPONSE 200 {"content-type":"application/json; charset=UTF-8","vary":"X-Origin, Referer, Origin,Accept-Encoding","date":"Tue, 07 Dec 2021 14:25:53 GMT","server":"ESF","cache-control":"private","x-xss-protection":"0","x-frame-options":"SAMEORIGIN","x-content-type-options":"nosniff","alt-svc":"h3=\":443\"; ma=2592000,h3-29=\":443\"; ma=2592000,h3-Q050=\":443\"; ma=2592000,h3-Q046=\":443\"; ma=2592000,h3-Q043=\":443\"; ma=2592000,quic=\":443\"; ma=2592000; v=\"46,43\"","accept-ranges":"none","transfer-encoding":"chunked"}
[debug] [2021-12-07T14:25:52.530Z] Analyzing nodejs backend spec
[info] i  functions: preparing functions directory for uploading... 
[info] i  functions: packaged functions (76.29 KB) for uploading 
[debug] [2021-12-07T14:25:52.894Z] >>> HTTP REQUEST GET https://cloudfunctions.googleapis.com/v1/projects/clone-2250a/locations/-/functions  
 
[debug] [2021-12-07T14:25:53.574Z] <<< HTTP RESPONSE 200 {"content-type":"application/json; charset=UTF-8","vary":"X-Origin, Referer, Origin,Accept-Encoding","date":"Tue, 07 Dec 2021 14:25:54 GMT","server":"ESF","cache-control":"private","x-xss-protection":"0","x-frame-options":"SAMEORIGIN","x-content-type-options":"nosniff","alt-svc":"h3=\":443\"; ma=2592000,h3-29=\":443\"; ma=2592000,h3-Q050=\":443\"; ma=2592000,h3-Q046=\":443\"; ma=2592000,h3-Q043=\":443\"; ma=2592000,quic=\":443\"; ma=2592000; v=\"46,43\"","accept-ranges":"none","transfer-encoding":"chunked"}
[debug] [2021-12-07T14:25:53.578Z] >>> HTTP REQUEST POST https://firebasehosting.googleapis.com/v1beta1/sites/clone-2250a/versions  
 {"config":{},"labels":{"deployment-tool":"cli-firebase"}}
[debug] [2021-12-07T14:25:55.121Z] <<< HTTP RESPONSE 200 {"content-type":"application/json; charset=UTF-8","vary":"X-Origin, Referer, Origin,Accept-Encoding","date":"Tue, 07 Dec 2021 14:25:55 GMT","server":"ESF","cache-control":"private","x-xss-protection":"0","x-frame-options":"SAMEORIGIN","x-content-type-options":"nosniff","alt-svc":"h3=\":443\"; ma=2592000,h3-29=\":443\"; ma=2592000,h3-Q050=\":443\"; ma=2592000,h3-Q046=\":443\"; ma=2592000,h3-Q043=\":443\"; ma=2592000,quic=\":443\"; ma=2592000; v=\"46,43\"","accept-ranges":"none","transfer-encoding":"chunked"}
[debug] [2021-12-07T14:25:55.122Z] >>> HTTP REQUEST POST https://cloudfunctions.googleapis.com/v1/projects/clone-2250a/locations/us-central1/functions:generateUploadUrl  
 
[debug] [2021-12-07T14:25:55.943Z] <<< HTTP RESPONSE 200 {"content-type":"application/json; charset=UTF-8","vary":"X-Origin, Referer, Origin,Accept-Encoding","date":"Tue, 07 Dec 2021 14:25:56 GMT","server":"ESF","cache-control":"private","x-xss-protection":"0","x-frame-options":"SAMEORIGIN","x-content-type-options":"nosniff","alt-svc":"h3=\":443\"; ma=2592000,h3-29=\":443\"; ma=2592000,h3-Q050=\":443\"; ma=2592000,h3-Q046=\":443\"; ma=2592000,h3-Q043=\":443\"; ma=2592000,quic=\":443\"; ma=2592000; v=\"46,43\"","accept-ranges":"none","transfer-encoding":"chunked"}
[debug] [2021-12-07T14:25:55.943Z] >>> HTTP REQUEST PUT https://storage.googleapis.com/gcf-upload-us-central1-a6f45a98-58ac-43f4-97f1-3b3e14db3f62/8b8675e5-947b-44ac-a989-07bc9f275ba3.zip?GoogleAccessId=service-1011603159364@gcf-admin-robot.iam.gserviceaccount.com&Expires=1638888956&Signature=OYyqgKloyr8%2BIuDuVtXAO4mBnvP1TBEUNGaEiEQ%2FpaYUsQ4%2B%2B9C%2B8QNUuBb2hRu2Enb4NTDcxgXVV2Y%2Bzh997inopOW6TsKDHw1Ks%2Bly3JrSRWzHUEoYoq6IukVmjIoW9L2mq%2BB6GWeLqYARTWFsHjMUFjGGsMM46KIW6YkXKptRubOXEoNpYwSICRVAVyLdE95HK1a0x9zNiS1BIXJDhMR6cA4Ql7qx51P3M7CuEuPqbSxeEShHFPpR9CgL3N2Spk6hbdz4BTRY4hZUXLtR5rb2eTzlFMrOgHL1pLQSLNZMcjh%2B%2BLwB1wZcrvjVYCVQlTnZnXRQ%2BFPwyLI7s8w2uw%3D%3D  
 <request body omitted>
[debug] [2021-12-07T14:25:57.841Z] <<< HTTP RESPONSE 200 {"x-guploader-uploadid":"ADPycdu7iVsLtK8-Z1sEyST0GWWQ4uxCSebuFvEin7laMpJUm5RFig0Iw2Kb-NpK70k167Ccr2GjIV8EGRM83qpAHlGfmXpE8Q","etag":"\"3a86ff0208f906cc4fa1db121e25bd36\"","x-goog-generation":"1638887158584560","x-goog-metageneration":"1","x-goog-hash":"crc32c=vpdX/g==, md5=Oob/Agj5BsxPodsSHiW9Ng==","x-goog-stored-content-length":"78125","x-goog-stored-content-encoding":"identity","vary":"Origin","content-length":"0","date":"Tue, 07 Dec 2021 14:25:58 GMT","server":"UploadServer","content-type":"text/html; charset=UTF-8","alt-svc":"h3=\":443\"; ma=2592000,h3-29=\":443\"; ma=2592000,h3-Q050=\":443\"; ma=2592000,h3-Q046=\":443\"; ma=2592000,h3-Q043=\":443\"; ma=2592000,quic=\":443\"; ma=2592000; v=\"46,43\""}
[info] +  functions: functions folder uploaded successfully 
[info] i  hosting[clone-2250a]: beginning deploy... 
[info] i  hosting[clone-2250a]: found 16 files in build 
[debug] [2021-12-07T14:25:57.852Z] > refreshing access token with scopes: []
[debug] [2021-12-07T14:25:57.852Z] >>> HTTP REQUEST POST https://www.googleapis.com/oauth2/v3/token  
 <request body omitted>
[debug] [2021-12-07T14:25:57.853Z] [hosting] hash cache [YnVpbGQ] stored for 16 files
[debug] [2021-12-07T14:25:57.853Z] [hosting][hash queue][FINAL] {"max":1,"min":0,"avg":0,"active":0,"complete":16,"success":16,"errored":0,"retried":0,"total":16,"elapsed":3}
[debug] [2021-12-07T14:25:57.994Z] <<< HTTP RESPONSE 200 {"cache-control":"no-cache, no-store, max-age=0, must-revalidate","date":"Tue, 07 Dec 2021 14:25:58 GMT","expires":"Mon, 01 Jan 1990 00:00:00 GMT","pragma":"no-cache","content-type":"application/json; charset=utf-8","vary":"X-Origin, Referer, Origin,Accept-Encoding","server":"scaffolding on HTTPServer2","x-xss-protection":"0","x-frame-options":"SAMEORIGIN","x-content-type-options":"nosniff","alt-svc":"h3=\":443\"; ma=2592000,h3-29=\":443\"; ma=2592000,h3-Q050=\":443\"; ma=2592000,h3-Q046=\":443\"; ma=2592000,h3-Q043=\":443\"; ma=2592000,quic=\":443\"; ma=2592000; v=\"46,43\"","accept-ranges":"none","transfer-encoding":"chunked"}
[debug] [2021-12-07T14:25:58.006Z] >>> [apiv2][query] POST https://firebasehosting.googleapis.com/v1beta1/sites/clone-2250a/versions/54bf7bc226a4e1e5:populateFiles [none]
[debug] [2021-12-07T14:25:58.006Z] >>> [apiv2][body] POST https://firebasehosting.googleapis.com/v1beta1/sites/clone-2250a/versions/54bf7bc226a4e1e5:populateFiles {"files":{"/asset-manifest.json":"bf7174e33d8f73386c3aeba43f7c8131dd90e1e0ee6a0345eb1311af17ab058e","/favicon.ico":"eae62e993eb980ec8a25058c39d5a51feab118bd2100c4deebb2a9c158ec11f9","/index.html":"8f740178a319306b96309f928a232c391a650f2ecf35428307bb879aaa5ec50e","/logo192.png":"3ee59515172ee198f3be375979df15ac5345183e656720a381b8872b2a39dc8b","/logo512.png":"ee7e2f3fdb8209c4b6fd7bef6ba50d1b9dba30a25bb5c3126df057e1cb6f5331","/manifest.json":"aff3449bdc238776f5d6d967f19ec491b36aed5fb7f23ccff6500736fd58494a","/robots.txt":"bfe106a3fb878dc83461c86818bf74fc1bdc7f28538ba613cd3e775516ce8b49","/static/css/main.381ad0d3.chunk.css":"a86aec4d8c2a11e49cb8bc8497c0f3013ce67871ca426733fa83e5bf2c301212","/static/css/main.381ad0d3.chunk.css.map":"66351d8d67b88b0b21fe21dcd0652017c565dfd48c9d24dba0535a9fadea64e4","/static/js/2.b6c9b5f3.chunk.js":"b7e1377e9a0c9603dd27161b450bdf3487b7229a96ce127b60852f5795fc1c8d","/static/js/2.b6c9b5f3.chunk.js.LICENSE.txt":"fec696657efeb0c4aabf0deeb9a82cf400c12b4876966dd39a3a041543b54419","/static/js/2.b6c9b5f3.chunk.js.map":"f0d62c438b6fae7349b3bd2164da1209637660a6568a39e03b6f02498ccd7c49","/static/js/main.48c0304d.chunk.js":"a1f74d1bba2eadf3a5bb87d68e623a2a5ebb787871dc056a89ca0e7e81129da3","/static/js/main.48c0304d.chunk.js.map":"9ad6dd3fbd4c5672c5d32483b4be40498141d6de43b9c12bb5c1789d53b92d2e","/static/js/runtime-main.8861456b.js":"35d251cf18d95cb0a6a8bf13e085b78d6fad06ded338c6150ad164e57b32500e","/static/js/runtime-main.8861456b.js.map":"2ddbdc3b8f4c9104154b19153e15a2f9e4995e060eb225596e1e7009697ac29f"}}
[debug] [2021-12-07T14:25:59.444Z] <<< [apiv2][status] POST https://firebasehosting.googleapis.com/v1beta1/sites/clone-2250a/versions/54bf7bc226a4e1e5:populateFiles 200
[debug] [2021-12-07T14:25:59.444Z] <<< [apiv2][body] POST https://firebasehosting.googleapis.com/v1beta1/sites/clone-2250a/versions/54bf7bc226a4e1e5:populateFiles {"uploadUrl":"https://upload-firebasehosting.googleapis.com/upload/sites/clone-2250a/versions/54bf7bc226a4e1e5/files"}
[debug] [2021-12-07T14:25:59.444Z] [hosting][populate queue][FINAL] {"max":1592,"min":1592,"avg":1592,"active":0,"complete":1,"success":1,"errored":0,"retried":0,"total":1,"elapsed":1592}
[debug] [2021-12-07T14:25:59.444Z] [hosting] uploads queued: 0
[debug] [2021-12-07T14:25:59.444Z] [hosting][upload queue][FINAL] {"max":0,"min":9999999999,"avg":0,"active":0,"complete":0,"success":0,"errored":0,"retried":0,"total":0,"elapsed":1638887159444}
[info] +  hosting[clone-2250a]: file upload complete 
[debug] [2021-12-07T14:25:59.445Z] [hosting] deploy completed after 1603ms
[info] i  functions: updating Node.js 14 function api(us-central1)... 
[debug] [2021-12-07T14:25:59.448Z] > refreshing access token with scopes: ["email","https://www.googleapis.com/auth/cloud-platform","https://www.googleapis.com/auth/cloudplatformprojects.readonly","https://www.googleapis.com/auth/firebase","openid"]
[debug] [2021-12-07T14:25:59.448Z] >>> HTTP REQUEST POST https://www.googleapis.com/oauth2/v3/token  
 <request body omitted>
[debug] [2021-12-07T14:25:59.585Z] <<< HTTP RESPONSE 200 {"date":"Tue, 07 Dec 2021 14:26:00 GMT","expires":"Mon, 01 Jan 1990 00:00:00 GMT","cache-control":"no-cache, no-store, max-age=0, must-revalidate","pragma":"no-cache","content-type":"application/json; charset=utf-8","vary":"X-Origin, Referer, Origin,Accept-Encoding","server":"scaffolding on HTTPServer2","x-xss-protection":"0","x-frame-options":"SAMEORIGIN","x-content-type-options":"nosniff","alt-svc":"h3=\":443\"; ma=2592000,h3-29=\":443\"; ma=2592000,h3-Q050=\":443\"; ma=2592000,h3-Q046=\":443\"; ma=2592000,h3-Q043=\":443\"; ma=2592000,quic=\":443\"; ma=2592000; v=\"46,43\"","accept-ranges":"none","transfer-encoding":"chunked"}
[debug] [2021-12-07T14:25:59.594Z] >>> HTTP REQUEST PATCH https://cloudfunctions.googleapis.com/v1/projects/clone-2250a/locations/us-central1/functions/api {"updateMask":"name,sourceUploadUrl,entryPoint,runtime,labels,httpsTrigger,availableMemoryMb,environmentVariables,sourceToken"} 
 {"name":"projects/clone-2250a/locations/us-central1/functions/api","sourceUploadUrl":"https://storage.googleapis.com/gcf-upload-us-central1-a6f45a98-58ac-43f4-97f1-3b3e14db3f62/8b8675e5-947b-44ac-a989-07bc9f275ba3.zip?GoogleAccessId=service-1011603159364@gcf-admin-robot.iam.gserviceaccount.com&Expires=1638888956&Signature=OYyqgKloyr8%2BIuDuVtXAO4mBnvP1TBEUNGaEiEQ%2FpaYUsQ4%2B%2B9C%2B8QNUuBb2hRu2Enb4NTDcxgXVV2Y%2Bzh997inopOW6TsKDHw1Ks%2Bly3JrSRWzHUEoYoq6IukVmjIoW9L2mq%2BB6GWeLqYARTWFsHjMUFjGGsMM46KIW6YkXKptRubOXEoNpYwSICRVAVyLdE95HK1a0x9zNiS1BIXJDhMR6cA4Ql7qx51P3M7CuEuPqbSxeEShHFPpR9CgL3N2Spk6hbdz4BTRY4hZUXLtR5rb2eTzlFMrOgHL1pLQSLNZMcjh%2B%2BLwB1wZcrvjVYCVQlTnZnXRQ%2BFPwyLI7s8w2uw%3D%3D","entryPoint":"api","runtime":"nodejs14","labels":{"deployment-tool":"cli-firebase"},"httpsTrigger":{},"availableMemoryMb":256,"environmentVariables":{"FIREBASE_CONFIG":"{\"projectId\":\"clone-2250a\",\"storageBucket\":\"clone-2250a.appspot.com\",\"locationId\":\"asia-southeast1\"}","GCLOUD_PROJECT":"clone-2250a"}}
[debug] [2021-12-07T14:26:00.215Z] <<< HTTP RESPONSE 200 {"content-type":"application/json; charset=UTF-8","vary":"X-Origin, Referer, Origin,Accept-Encoding","date":"Tue, 07 Dec 2021 14:26:01 GMT","server":"ESF","cache-control":"private","x-xss-protection":"0","x-frame-options":"SAMEORIGIN","x-content-type-options":"nosniff","alt-svc":"h3=\":443\"; ma=2592000,h3-29=\":443\"; ma=2592000,h3-Q050=\":443\"; ma=2592000,h3-Q046=\":443\"; ma=2592000,h3-Q043=\":443\"; ma=2592000,quic=\":443\"; ma=2592000; v=\"46,43\"","accept-ranges":"none","transfer-encoding":"chunked"}
[debug] [2021-12-07T14:26:00.216Z] > refreshing access token with scopes: []
[debug] [2021-12-07T14:26:00.216Z] >>> HTTP REQUEST POST https://www.googleapis.com/oauth2/v3/token  
 <request body omitted>
[debug] [2021-12-07T14:26:00.365Z] <<< HTTP RESPONSE 200 {"pragma":"no-cache","date":"Tue, 07 Dec 2021 14:26:01 GMT","cache-control":"no-cache, no-store, max-age=0, must-revalidate","expires":"Mon, 01 Jan 1990 00:00:00 GMT","content-type":"application/json; charset=utf-8","vary":"X-Origin, Referer, Origin,Accept-Encoding","server":"scaffolding on HTTPServer2","x-xss-protection":"0","x-frame-options":"SAMEORIGIN","x-content-type-options":"nosniff","alt-svc":"h3=\":443\"; ma=2592000,h3-29=\":443\"; ma=2592000,h3-Q050=\":443\"; ma=2592000,h3-Q046=\":443\"; ma=2592000,h3-Q043=\":443\"; ma=2592000,quic=\":443\"; ma=2592000; v=\"46,43\"","accept-ranges":"none","transfer-encoding":"chunked"}
[debug] [2021-12-07T14:26:00.375Z] >>> [apiv2][query] GET https://cloudfunctions.googleapis.com/v1/operations/Y2xvbmUtMjI1MGEvdXMtY2VudHJhbDEvYXBpL1RqNVF1OWgzaUxJ [none]
[debug] [2021-12-07T14:26:00.869Z] <<< [apiv2][status] GET https://cloudfunctions.googleapis.com/v1/operations/Y2xvbmUtMjI1MGEvdXMtY2VudHJhbDEvYXBpL1RqNVF1OWgzaUxJ 200
[debug] [2021-12-07T14:26:00.869Z] <<< [apiv2][body] GET https://cloudfunctions.googleapis.com/v1/operations/Y2xvbmUtMjI1MGEvdXMtY2VudHJhbDEvYXBpL1RqNVF1OWgzaUxJ {"name":"operations/Y2xvbmUtMjI1MGEvdXMtY2VudHJhbDEvYXBpL1RqNVF1OWgzaUxJ","metadata":{"@type":"type.googleapis.com/google.cloud.functions.v1.OperationMetadataV1","target":"projects/clone-2250a/locations/us-central1/functions/api","type":"UPDATE_FUNCTION","request":{"@type":"type.googleapis.com/google.cloud.functions.v1.CloudFunction","name":"projects/clone-2250a/locations/us-central1/functions/api","httpsTrigger":{},"status":"ACTIVE","entryPoint":"api","timeout":"60s","availableMemoryMb":256,"serviceAccountEmail":"clone-2250a@appspot.gserviceaccount.com","updateTime":"2021-12-07T12:19:47.685Z","versionId":"2","labels":{"deployment-tool":"cli-firebase"},"sourceUploadUrl":"https://storage.googleapis.com/gcf-upload-us-central1-a6f45a98-58ac-43f4-97f1-3b3e14db3f62/8b8675e5-947b-44ac-a989-07bc9f275ba3.zip?GoogleAccessId=service-1011603159364@gcf-admin-robot.iam.gserviceaccount.com&Expires=1638888956&Signature=OYyqgKloyr8%2BIuDuVtXAO4mBnvP1TBEUNGaEiEQ%2FpaYUsQ4%2B%2B9C%2B8QNUuBb2hRu2Enb4NTDcxgXVV2Y%2Bzh997inopOW6TsKDHw1Ks%2Bly3JrSRWzHUEoYoq6IukVmjIoW9L2mq%2BB6GWeLqYARTWFsHjMUFjGGsMM46KIW6YkXKptRubOXEoNpYwSICRVAVyLdE95HK1a0x9zNiS1BIXJDhMR6cA4Ql7qx51P3M7CuEuPqbSxeEShHFPpR9CgL3N2Spk6hbdz4BTRY4hZUXLtR5rb2eTzlFMrOgHL1pLQSLNZMcjh%2B%2BLwB1wZcrvjVYCVQlTnZnXRQ%2BFPwyLI7s8w2uw%3D%3D","environmentVariables":{"FIREBASE_CONFIG":"{\"projectId\":\"clone-2250a\",\"storageBucket\":\"clone-2250a.appspot.com\",\"locationId\":\"asia-southeast1\"}","GCLOUD_PROJECT":"clone-2250a"},"runtime":"nodejs14","ingressSettings":"ALLOW_ALL","buildId":"33e866e9-2371-4d95-9685-b34463cde2b9","buildName":"projects/1011603159364/locations/us-central1/builds/33e866e9-2371-4d95-9685-b34463cde2b9"},"versionId":"3","updateTime":"2021-12-07T14:26:01Z","buildName":"projects/1011603159364/locations/us-central1/builds/33e866e9-2371-4d95-9685-b34463cde2b9"}}
[debug] [2021-12-07T14:26:01.381Z] [update-us-central1-api] Retrying task index 0
[debug] [2021-12-07T14:26:01.382Z] >>> [apiv2][query] GET https://cloudfunctions.googleapis.com/v1/operations/Y2xvbmUtMjI1MGEvdXMtY2VudHJhbDEvYXBpL1RqNVF1OWgzaUxJ [none]
[debug] [2021-12-07T14:26:01.882Z] <<< [apiv2][status] GET https://cloudfunctions.googleapis.com/v1/operations/Y2xvbmUtMjI1MGEvdXMtY2VudHJhbDEvYXBpL1RqNVF1OWgzaUxJ 200
[debug] [2021-12-07T14:26:01.883Z] <<< [apiv2][body] GET https://cloudfunctions.googleapis.com/v1/operations/Y2xvbmUtMjI1MGEvdXMtY2VudHJhbDEvYXBpL1RqNVF1OWgzaUxJ {"name":"operations/Y2xvbmUtMjI1MGEvdXMtY2VudHJhbDEvYXBpL1RqNVF1OWgzaUxJ","metadata":{"@type":"type.googleapis.com/google.cloud.functions.v1.OperationMetadataV1","target":"projects/clone-2250a/locations/us-central1/functions/api","type":"UPDATE_FUNCTION","request":{"@type":"type.googleapis.com/google.cloud.functions.v1.CloudFunction","name":"projects/clone-2250a/locations/us-central1/functions/api","httpsTrigger":{},"status":"ACTIVE","entryPoint":"api","timeout":"60s","availableMemoryMb":256,"serviceAccountEmail":"clone-2250a@appspot.gserviceaccount.com","updateTime":"2021-12-07T12:19:47.685Z","versionId":"2","labels":{"deployment-tool":"cli-firebase"},"sourceUploadUrl":"https://storage.googleapis.com/gcf-upload-us-central1-a6f45a98-58ac-43f4-97f1-3b3e14db3f62/8b8675e5-947b-44ac-a989-07bc9f275ba3.zip?GoogleAccessId=service-1011603159364@gcf-admin-robot.iam.gserviceaccount.com&Expires=1638888956&Signature=OYyqgKloyr8%2BIuDuVtXAO4mBnvP1TBEUNGaEiEQ%2FpaYUsQ4%2B%2B9C%2B8QNUuBb2hRu2Enb4NTDcxgXVV2Y%2Bzh997inopOW6TsKDHw1Ks%2Bly3JrSRWzHUEoYoq6IukVmjIoW9L2mq%2BB6GWeLqYARTWFsHjMUFjGGsMM46KIW6YkXKptRubOXEoNpYwSICRVAVyLdE95HK1a0x9zNiS1BIXJDhMR6cA4Ql7qx51P3M7CuEuPqbSxeEShHFPpR9CgL3N2Spk6hbdz4BTRY4hZUXLtR5rb2eTzlFMrOgHL1pLQSLNZMcjh%2B%2BLwB1wZcrvjVYCVQlTnZnXRQ%2BFPwyLI7s8w2uw%3D%3D","environmentVariables":{"FIREBASE_CONFIG":"{\"projectId\":\"clone-2250a\",\"storageBucket\":\"clone-2250a.appspot.com\",\"locationId\":\"asia-southeast1\"}","GCLOUD_PROJECT":"clone-2250a"},"runtime":"nodejs14","ingressSettings":"ALLOW_ALL","buildId":"33e866e9-2371-4d95-9685-b34463cde2b9","buildName":"projects/1011603159364/locations/us-central1/builds/33e866e9-2371-4d95-9685-b34463cde2b9"},"versionId":"3","updateTime":"2021-12-07T14:26:01Z","buildId":"94f6e9d9-ae13-47a8-aac8-d9dd7b4234aa","buildName":"projects/1011603159364/locations/us-central1/builds/94f6e9d9-ae13-47a8-aac8-d9dd7b4234aa"}}
[debug] [2021-12-07T14:26:02.886Z] [update-us-central1-api] Retrying task index 0
[debug] [2021-12-07T14:26:02.886Z] >>> [apiv2][query] GET https://cloudfunctions.googleapis.com/v1/operations/Y2xvbmUtMjI1MGEvdXMtY2VudHJhbDEvYXBpL1RqNVF1OWgzaUxJ [none]
[debug] [2021-12-07T14:26:03.376Z] <<< [apiv2][status] GET https://cloudfunctions.googleapis.com/v1/operations/Y2xvbmUtMjI1MGEvdXMtY2VudHJhbDEvYXBpL1RqNVF1OWgzaUxJ 200
[debug] [2021-12-07T14:26:03.376Z] <<< [apiv2][body] GET https://cloudfunctions.googleapis.com/v1/operations/Y2xvbmUtMjI1MGEvdXMtY2VudHJhbDEvYXBpL1RqNVF1OWgzaUxJ {"name":"operations/Y2xvbmUtMjI1MGEvdXMtY2VudHJhbDEvYXBpL1RqNVF1OWgzaUxJ","metadata":{"@type":"type.googleapis.com/google.cloud.functions.v1.OperationMetadataV1","target":"projects/clone-2250a/locations/us-central1/functions/api","type":"UPDATE_FUNCTION","request":{"@type":"type.googleapis.com/google.cloud.functions.v1.CloudFunction","name":"projects/clone-2250a/locations/us-central1/functions/api","httpsTrigger":{},"status":"ACTIVE","entryPoint":"api","timeout":"60s","availableMemoryMb":256,"serviceAccountEmail":"clone-2250a@appspot.gserviceaccount.com","updateTime":"2021-12-07T12:19:47.685Z","versionId":"2","labels":{"deployment-tool":"cli-firebase"},"sourceUploadUrl":"https://storage.googleapis.com/gcf-upload-us-central1-a6f45a98-58ac-43f4-97f1-3b3e14db3f62/8b8675e5-947b-44ac-a989-07bc9f275ba3.zip?GoogleAccessId=service-1011603159364@gcf-admin-robot.iam.gserviceaccount.com&Expires=1638888956&Signature=OYyqgKloyr8%2BIuDuVtXAO4mBnvP1TBEUNGaEiEQ%2FpaYUsQ4%2B%2B9C%2B8QNUuBb2hRu2Enb4NTDcxgXVV2Y%2Bzh997inopOW6TsKDHw1Ks%2Bly3JrSRWzHUEoYoq6IukVmjIoW9L2mq%2BB6GWeLqYARTWFsHjMUFjGGsMM46KIW6YkXKptRubOXEoNpYwSICRVAVyLdE95HK1a0x9zNiS1BIXJDhMR6cA4Ql7qx51P3M7CuEuPqbSxeEShHFPpR9CgL3N2Spk6hbdz4BTRY4hZUXLtR5rb2eTzlFMrOgHL1pLQSLNZMcjh%2B%2BLwB1wZcrvjVYCVQlTnZnXRQ%2BFPwyLI7s8w2uw%3D%3D","environmentVariables":{"FIREBASE_CONFIG":"{\"projectId\":\"clone-2250a\",\"storageBucket\":\"clone-2250a.appspot.com\",\"locationId\":\"asia-southeast1\"}","GCLOUD_PROJECT":"clone-2250a"},"runtime":"nodejs14","ingressSettings":"ALLOW_ALL","buildId":"33e866e9-2371-4d95-9685-b34463cde2b9","buildName":"projects/1011603159364/locations/us-central1/builds/33e866e9-2371-4d95-9685-b34463cde2b9"},"versionId":"3","updateTime":"2021-12-07T14:26:01Z","buildId":"94f6e9d9-ae13-47a8-aac8-d9dd7b4234aa","buildName":"projects/1011603159364/locations/us-central1/builds/94f6e9d9-ae13-47a8-aac8-d9dd7b4234aa"}}
[debug] [2021-12-07T14:26:05.377Z] [update-us-central1-api] Retrying task index 0
[debug] [2021-12-07T14:26:05.377Z] >>> [apiv2][query] GET https://cloudfunctions.googleapis.com/v1/operations/Y2xvbmUtMjI1MGEvdXMtY2VudHJhbDEvYXBpL1RqNVF1OWgzaUxJ [none]
[debug] [2021-12-07T14:26:05.821Z] <<< [apiv2][status] GET https://cloudfunctions.googleapis.com/v1/operations/Y2xvbmUtMjI1MGEvdXMtY2VudHJhbDEvYXBpL1RqNVF1OWgzaUxJ 200
[debug] [2021-12-07T14:26:05.821Z] <<< [apiv2][body] GET https://cloudfunctions.googleapis.com/v1/operations/Y2xvbmUtMjI1MGEvdXMtY2VudHJhbDEvYXBpL1RqNVF1OWgzaUxJ {"name":"operations/Y2xvbmUtMjI1MGEvdXMtY2VudHJhbDEvYXBpL1RqNVF1OWgzaUxJ","metadata":{"@type":"type.googleapis.com/google.cloud.functions.v1.OperationMetadataV1","target":"projects/clone-2250a/locations/us-central1/functions/api","type":"UPDATE_FUNCTION","request":{"@type":"type.googleapis.com/google.cloud.functions.v1.CloudFunction","name":"projects/clone-2250a/locations/us-central1/functions/api","httpsTrigger":{},"status":"ACTIVE","entryPoint":"api","timeout":"60s","availableMemoryMb":256,"serviceAccountEmail":"clone-2250a@appspot.gserviceaccount.com","updateTime":"2021-12-07T12:19:47.685Z","versionId":"2","labels":{"deployment-tool":"cli-firebase"},"sourceUploadUrl":"https://storage.googleapis.com/gcf-upload-us-central1-a6f45a98-58ac-43f4-97f1-3b3e14db3f62/8b8675e5-947b-44ac-a989-07bc9f275ba3.zip?GoogleAccessId=service-1011603159364@gcf-admin-robot.iam.gserviceaccount.com&Expires=1638888956&Signature=OYyqgKloyr8%2BIuDuVtXAO4mBnvP1TBEUNGaEiEQ%2FpaYUsQ4%2B%2B9C%2B8QNUuBb2hRu2Enb4NTDcxgXVV2Y%2Bzh997inopOW6TsKDHw1Ks%2Bly3JrSRWzHUEoYoq6IukVmjIoW9L2mq%2BB6GWeLqYARTWFsHjMUFjGGsMM46KIW6YkXKptRubOXEoNpYwSICRVAVyLdE95HK1a0x9zNiS1BIXJDhMR6cA4Ql7qx51P3M7CuEuPqbSxeEShHFPpR9CgL3N2Spk6hbdz4BTRY4hZUXLtR5rb2eTzlFMrOgHL1pLQSLNZMcjh%2B%2BLwB1wZcrvjVYCVQlTnZnXRQ%2BFPwyLI7s8w2uw%3D%3D","environmentVariables":{"FIREBASE_CONFIG":"{\"projectId\":\"clone-2250a\",\"storageBucket\":\"clone-2250a.appspot.com\",\"locationId\":\"asia-southeast1\"}","GCLOUD_PROJECT":"clone-2250a"},"runtime":"nodejs14","ingressSettings":"ALLOW_ALL","buildId":"33e866e9-2371-4d95-9685-b34463cde2b9","buildName":"projects/1011603159364/locations/us-central1/builds/33e866e9-2371-4d95-9685-b34463cde2b9"},"versionId":"3","updateTime":"2021-12-07T14:26:01Z","buildId":"94f6e9d9-ae13-47a8-aac8-d9dd7b4234aa","buildName":"projects/1011603159364/locations/us-central1/builds/94f6e9d9-ae13-47a8-aac8-d9dd7b4234aa"}}
[debug] [2021-12-07T14:26:09.830Z] [update-us-central1-api] Retrying task index 0
[debug] [2021-12-07T14:26:09.831Z] >>> [apiv2][query] GET https://cloudfunctions.googleapis.com/v1/operations/Y2xvbmUtMjI1MGEvdXMtY2VudHJhbDEvYXBpL1RqNVF1OWgzaUxJ [none]
[debug] [2021-12-07T14:26:10.260Z] <<< [apiv2][status] GET https://cloudfunctions.googleapis.com/v1/operations/Y2xvbmUtMjI1MGEvdXMtY2VudHJhbDEvYXBpL1RqNVF1OWgzaUxJ 200
[debug] [2021-12-07T14:26:10.260Z] <<< [apiv2][body] GET https://cloudfunctions.googleapis.com/v1/operations/Y2xvbmUtMjI1MGEvdXMtY2VudHJhbDEvYXBpL1RqNVF1OWgzaUxJ {"name":"operations/Y2xvbmUtMjI1MGEvdXMtY2VudHJhbDEvYXBpL1RqNVF1OWgzaUxJ","metadata":{"@type":"type.googleapis.com/google.cloud.functions.v1.OperationMetadataV1","target":"projects/clone-2250a/locations/us-central1/functions/api","type":"UPDATE_FUNCTION","request":{"@type":"type.googleapis.com/google.cloud.functions.v1.CloudFunction","name":"projects/clone-2250a/locations/us-central1/functions/api","httpsTrigger":{},"status":"ACTIVE","entryPoint":"api","timeout":"60s","availableMemoryMb":256,"serviceAccountEmail":"clone-2250a@appspot.gserviceaccount.com","updateTime":"2021-12-07T12:19:47.685Z","versionId":"2","labels":{"deployment-tool":"cli-firebase"},"sourceUploadUrl":"https://storage.googleapis.com/gcf-upload-us-central1-a6f45a98-58ac-43f4-97f1-3b3e14db3f62/8b8675e5-947b-44ac-a989-07bc9f275ba3.zip?GoogleAccessId=service-1011603159364@gcf-admin-robot.iam.gserviceaccount.com&Expires=1638888956&Signature=OYyqgKloyr8%2BIuDuVtXAO4mBnvP1TBEUNGaEiEQ%2FpaYUsQ4%2B%2B9C%2B8QNUuBb2hRu2Enb4NTDcxgXVV2Y%2Bzh997inopOW6TsKDHw1Ks%2Bly3JrSRWzHUEoYoq6IukVmjIoW9L2mq%2BB6GWeLqYARTWFsHjMUFjGGsMM46KIW6YkXKptRubOXEoNpYwSICRVAVyLdE95HK1a0x9zNiS1BIXJDhMR6cA4Ql7qx51P3M7CuEuPqbSxeEShHFPpR9CgL3N2Spk6hbdz4BTRY4hZUXLtR5rb2eTzlFMrOgHL1pLQSLNZMcjh%2B%2BLwB1wZcrvjVYCVQlTnZnXRQ%2BFPwyLI7s8w2uw%3D%3D","environmentVariables":{"FIREBASE_CONFIG":"{\"projectId\":\"clone-2250a\",\"storageBucket\":\"clone-2250a.appspot.com\",\"locationId\":\"asia-southeast1\"}","GCLOUD_PROJECT":"clone-2250a"},"runtime":"nodejs14","ingressSettings":"ALLOW_ALL","buildId":"33e866e9-2371-4d95-9685-b34463cde2b9","buildName":"projects/1011603159364/locations/us-central1/builds/33e866e9-2371-4d95-9685-b34463cde2b9"},"versionId":"3","updateTime":"2021-12-07T14:26:01Z","buildId":"94f6e9d9-ae13-47a8-aac8-d9dd7b4234aa","buildName":"projects/1011603159364/locations/us-central1/builds/94f6e9d9-ae13-47a8-aac8-d9dd7b4234aa"}}
[debug] [2021-12-07T14:26:18.270Z] [update-us-central1-api] Retrying task index 0
[debug] [2021-12-07T14:26:18.271Z] >>> [apiv2][query] GET https://cloudfunctions.googleapis.com/v1/operations/Y2xvbmUtMjI1MGEvdXMtY2VudHJhbDEvYXBpL1RqNVF1OWgzaUxJ [none]
[debug] [2021-12-07T14:26:18.771Z] <<< [apiv2][status] GET https://cloudfunctions.googleapis.com/v1/operations/Y2xvbmUtMjI1MGEvdXMtY2VudHJhbDEvYXBpL1RqNVF1OWgzaUxJ 200
[debug] [2021-12-07T14:26:18.771Z] <<< [apiv2][body] GET https://cloudfunctions.googleapis.com/v1/operations/Y2xvbmUtMjI1MGEvdXMtY2VudHJhbDEvYXBpL1RqNVF1OWgzaUxJ {"name":"operations/Y2xvbmUtMjI1MGEvdXMtY2VudHJhbDEvYXBpL1RqNVF1OWgzaUxJ","metadata":{"@type":"type.googleapis.com/google.cloud.functions.v1.OperationMetadataV1","target":"projects/clone-2250a/locations/us-central1/functions/api","type":"UPDATE_FUNCTION","request":{"@type":"type.googleapis.com/google.cloud.functions.v1.CloudFunction","name":"projects/clone-2250a/locations/us-central1/functions/api","httpsTrigger":{},"status":"ACTIVE","entryPoint":"api","timeout":"60s","availableMemoryMb":256,"serviceAccountEmail":"clone-2250a@appspot.gserviceaccount.com","updateTime":"2021-12-07T12:19:47.685Z","versionId":"2","labels":{"deployment-tool":"cli-firebase"},"sourceUploadUrl":"https://storage.googleapis.com/gcf-upload-us-central1-a6f45a98-58ac-43f4-97f1-3b3e14db3f62/8b8675e5-947b-44ac-a989-07bc9f275ba3.zip?GoogleAccessId=service-1011603159364@gcf-admin-robot.iam.gserviceaccount.com&Expires=1638888956&Signature=OYyqgKloyr8%2BIuDuVtXAO4mBnvP1TBEUNGaEiEQ%2FpaYUsQ4%2B%2B9C%2B8QNUuBb2hRu2Enb4NTDcxgXVV2Y%2Bzh997inopOW6TsKDHw1Ks%2Bly3JrSRWzHUEoYoq6IukVmjIoW9L2mq%2BB6GWeLqYARTWFsHjMUFjGGsMM46KIW6YkXKptRubOXEoNpYwSICRVAVyLdE95HK1a0x9zNiS1BIXJDhMR6cA4Ql7qx51P3M7CuEuPqbSxeEShHFPpR9CgL3N2Spk6hbdz4BTRY4hZUXLtR5rb2eTzlFMrOgHL1pLQSLNZMcjh%2B%2BLwB1wZcrvjVYCVQlTnZnXRQ%2BFPwyLI7s8w2uw%3D%3D","environmentVariables":{"FIREBASE_CONFIG":"{\"projectId\":\"clone-2250a\",\"storageBucket\":\"clone-2250a.appspot.com\",\"locationId\":\"asia-southeast1\"}","GCLOUD_PROJECT":"clone-2250a"},"runtime":"nodejs14","ingressSettings":"ALLOW_ALL","buildId":"33e866e9-2371-4d95-9685-b34463cde2b9","buildName":"projects/1011603159364/locations/us-central1/builds/33e866e9-2371-4d95-9685-b34463cde2b9"},"versionId":"3","updateTime":"2021-12-07T14:26:01Z","buildId":"94f6e9d9-ae13-47a8-aac8-d9dd7b4234aa","buildName":"projects/1011603159364/locations/us-central1/builds/94f6e9d9-ae13-47a8-aac8-d9dd7b4234aa"}}
[debug] [2021-12-07T14:26:28.776Z] [update-us-central1-api] Retrying task index 0
[debug] [2021-12-07T14:26:28.776Z] >>> [apiv2][query] GET https://cloudfunctions.googleapis.com/v1/operations/Y2xvbmUtMjI1MGEvdXMtY2VudHJhbDEvYXBpL1RqNVF1OWgzaUxJ [none]
[debug] [2021-12-07T14:26:29.243Z] <<< [apiv2][status] GET https://cloudfunctions.googleapis.com/v1/operations/Y2xvbmUtMjI1MGEvdXMtY2VudHJhbDEvYXBpL1RqNVF1OWgzaUxJ 200
[debug] [2021-12-07T14:26:29.243Z] <<< [apiv2][body] GET https://cloudfunctions.googleapis.com/v1/operations/Y2xvbmUtMjI1MGEvdXMtY2VudHJhbDEvYXBpL1RqNVF1OWgzaUxJ {"name":"operations/Y2xvbmUtMjI1MGEvdXMtY2VudHJhbDEvYXBpL1RqNVF1OWgzaUxJ","metadata":{"@type":"type.googleapis.com/google.cloud.functions.v1.OperationMetadataV1","target":"projects/clone-2250a/locations/us-central1/functions/api","type":"UPDATE_FUNCTION","request":{"@type":"type.googleapis.com/google.cloud.functions.v1.CloudFunction","name":"projects/clone-2250a/locations/us-central1/functions/api","httpsTrigger":{},"status":"ACTIVE","entryPoint":"api","timeout":"60s","availableMemoryMb":256,"serviceAccountEmail":"clone-2250a@appspot.gserviceaccount.com","updateTime":"2021-12-07T12:19:47.685Z","versionId":"2","labels":{"deployment-tool":"cli-firebase"},"sourceUploadUrl":"https://storage.googleapis.com/gcf-upload-us-central1-a6f45a98-58ac-43f4-97f1-3b3e14db3f62/8b8675e5-947b-44ac-a989-07bc9f275ba3.zip?GoogleAccessId=service-1011603159364@gcf-admin-robot.iam.gserviceaccount.com&Expires=1638888956&Signature=OYyqgKloyr8%2BIuDuVtXAO4mBnvP1TBEUNGaEiEQ%2FpaYUsQ4%2B%2B9C%2B8QNUuBb2hRu2Enb4NTDcxgXVV2Y%2Bzh997inopOW6TsKDHw1Ks%2Bly3JrSRWzHUEoYoq6IukVmjIoW9L2mq%2BB6GWeLqYARTWFsHjMUFjGGsMM46KIW6YkXKptRubOXEoNpYwSICRVAVyLdE95HK1a0x9zNiS1BIXJDhMR6cA4Ql7qx51P3M7CuEuPqbSxeEShHFPpR9CgL3N2Spk6hbdz4BTRY4hZUXLtR5rb2eTzlFMrOgHL1pLQSLNZMcjh%2B%2BLwB1wZcrvjVYCVQlTnZnXRQ%2BFPwyLI7s8w2uw%3D%3D","environmentVariables":{"FIREBASE_CONFIG":"{\"projectId\":\"clone-2250a\",\"storageBucket\":\"clone-2250a.appspot.com\",\"locationId\":\"asia-southeast1\"}","GCLOUD_PROJECT":"clone-2250a"},"runtime":"nodejs14","ingressSettings":"ALLOW_ALL","buildId":"33e866e9-2371-4d95-9685-b34463cde2b9","buildName":"projects/1011603159364/locations/us-central1/builds/33e866e9-2371-4d95-9685-b34463cde2b9"},"versionId":"3","updateTime":"2021-12-07T14:26:01Z","buildId":"94f6e9d9-ae13-47a8-aac8-d9dd7b4234aa","buildName":"projects/1011603159364/locations/us-central1/builds/94f6e9d9-ae13-47a8-aac8-d9dd7b4234aa"}}
[debug] [2021-12-07T14:26:39.245Z] [update-us-central1-api] Retrying task index 0
[debug] [2021-12-07T14:26:39.246Z] >>> [apiv2][query] GET https://cloudfunctions.googleapis.com/v1/operations/Y2xvbmUtMjI1MGEvdXMtY2VudHJhbDEvYXBpL1RqNVF1OWgzaUxJ [none]
[debug] [2021-12-07T14:26:39.662Z] <<< [apiv2][status] GET https://cloudfunctions.googleapis.com/v1/operations/Y2xvbmUtMjI1MGEvdXMtY2VudHJhbDEvYXBpL1RqNVF1OWgzaUxJ 200
[debug] [2021-12-07T14:26:39.662Z] <<< [apiv2][body] GET https://cloudfunctions.googleapis.com/v1/operations/Y2xvbmUtMjI1MGEvdXMtY2VudHJhbDEvYXBpL1RqNVF1OWgzaUxJ {"name":"operations/Y2xvbmUtMjI1MGEvdXMtY2VudHJhbDEvYXBpL1RqNVF1OWgzaUxJ","metadata":{"@type":"type.googleapis.com/google.cloud.functions.v1.OperationMetadataV1","target":"projects/clone-2250a/locations/us-central1/functions/api","type":"UPDATE_FUNCTION","request":{"@type":"type.googleapis.com/google.cloud.functions.v1.CloudFunction","name":"projects/clone-2250a/locations/us-central1/functions/api","httpsTrigger":{},"status":"ACTIVE","entryPoint":"api","timeout":"60s","availableMemoryMb":256,"serviceAccountEmail":"clone-2250a@appspot.gserviceaccount.com","updateTime":"2021-12-07T12:19:47.685Z","versionId":"2","labels":{"deployment-tool":"cli-firebase"},"sourceUploadUrl":"https://storage.googleapis.com/gcf-upload-us-central1-a6f45a98-58ac-43f4-97f1-3b3e14db3f62/8b8675e5-947b-44ac-a989-07bc9f275ba3.zip?GoogleAccessId=service-1011603159364@gcf-admin-robot.iam.gserviceaccount.com&Expires=1638888956&Signature=OYyqgKloyr8%2BIuDuVtXAO4mBnvP1TBEUNGaEiEQ%2FpaYUsQ4%2B%2B9C%2B8QNUuBb2hRu2Enb4NTDcxgXVV2Y%2Bzh997inopOW6TsKDHw1Ks%2Bly3JrSRWzHUEoYoq6IukVmjIoW9L2mq%2BB6GWeLqYARTWFsHjMUFjGGsMM46KIW6YkXKptRubOXEoNpYwSICRVAVyLdE95HK1a0x9zNiS1BIXJDhMR6cA4Ql7qx51P3M7CuEuPqbSxeEShHFPpR9CgL3N2Spk6hbdz4BTRY4hZUXLtR5rb2eTzlFMrOgHL1pLQSLNZMcjh%2B%2BLwB1wZcrvjVYCVQlTnZnXRQ%2BFPwyLI7s8w2uw%3D%3D","environmentVariables":{"FIREBASE_CONFIG":"{\"projectId\":\"clone-2250a\",\"storageBucket\":\"clone-2250a.appspot.com\",\"locationId\":\"asia-southeast1\"}","GCLOUD_PROJECT":"clone-2250a"},"runtime":"nodejs14","ingressSettings":"ALLOW_ALL","buildId":"33e866e9-2371-4d95-9685-b34463cde2b9","buildName":"projects/1011603159364/locations/us-central1/builds/33e866e9-2371-4d95-9685-b34463cde2b9"},"versionId":"3","updateTime":"2021-12-07T14:26:01Z","buildId":"94f6e9d9-ae13-47a8-aac8-d9dd7b4234aa","buildName":"projects/1011603159364/locations/us-central1/builds/94f6e9d9-ae13-47a8-aac8-d9dd7b4234aa"}}
[debug] [2021-12-07T14:26:49.663Z] [update-us-central1-api] Retrying task index 0
[debug] [2021-12-07T14:26:49.664Z] >>> [apiv2][query] GET https://cloudfunctions.googleapis.com/v1/operations/Y2xvbmUtMjI1MGEvdXMtY2VudHJhbDEvYXBpL1RqNVF1OWgzaUxJ [none]
[debug] [2021-12-07T14:26:50.091Z] <<< [apiv2][status] GET https://cloudfunctions.googleapis.com/v1/operations/Y2xvbmUtMjI1MGEvdXMtY2VudHJhbDEvYXBpL1RqNVF1OWgzaUxJ 200
[debug] [2021-12-07T14:26:50.091Z] <<< [apiv2][body] GET https://cloudfunctions.googleapis.com/v1/operations/Y2xvbmUtMjI1MGEvdXMtY2VudHJhbDEvYXBpL1RqNVF1OWgzaUxJ {"name":"operations/Y2xvbmUtMjI1MGEvdXMtY2VudHJhbDEvYXBpL1RqNVF1OWgzaUxJ","metadata":{"@type":"type.googleapis.com/google.cloud.functions.v1.OperationMetadataV1","target":"projects/clone-2250a/locations/us-central1/functions/api","type":"UPDATE_FUNCTION","request":{"@type":"type.googleapis.com/google.cloud.functions.v1.CloudFunction","name":"projects/clone-2250a/locations/us-central1/functions/api","httpsTrigger":{},"status":"ACTIVE","entryPoint":"api","timeout":"60s","availableMemoryMb":256,"serviceAccountEmail":"clone-2250a@appspot.gserviceaccount.com","updateTime":"2021-12-07T12:19:47.685Z","versionId":"2","labels":{"deployment-tool":"cli-firebase"},"sourceUploadUrl":"https://storage.googleapis.com/gcf-upload-us-central1-a6f45a98-58ac-43f4-97f1-3b3e14db3f62/8b8675e5-947b-44ac-a989-07bc9f275ba3.zip?GoogleAccessId=service-1011603159364@gcf-admin-robot.iam.gserviceaccount.com&Expires=1638888956&Signature=OYyqgKloyr8%2BIuDuVtXAO4mBnvP1TBEUNGaEiEQ%2FpaYUsQ4%2B%2B9C%2B8QNUuBb2hRu2Enb4NTDcxgXVV2Y%2Bzh997inopOW6TsKDHw1Ks%2Bly3JrSRWzHUEoYoq6IukVmjIoW9L2mq%2BB6GWeLqYARTWFsHjMUFjGGsMM46KIW6YkXKptRubOXEoNpYwSICRVAVyLdE95HK1a0x9zNiS1BIXJDhMR6cA4Ql7qx51P3M7CuEuPqbSxeEShHFPpR9CgL3N2Spk6hbdz4BTRY4hZUXLtR5rb2eTzlFMrOgHL1pLQSLNZMcjh%2B%2BLwB1wZcrvjVYCVQlTnZnXRQ%2BFPwyLI7s8w2uw%3D%3D","environmentVariables":{"FIREBASE_CONFIG":"{\"projectId\":\"clone-2250a\",\"storageBucket\":\"clone-2250a.appspot.com\",\"locationId\":\"asia-southeast1\"}","GCLOUD_PROJECT":"clone-2250a"},"runtime":"nodejs14","ingressSettings":"ALLOW_ALL","buildId":"33e866e9-2371-4d95-9685-b34463cde2b9","buildName":"projects/1011603159364/locations/us-central1/builds/33e866e9-2371-4d95-9685-b34463cde2b9"},"versionId":"3","updateTime":"2021-12-07T14:26:01Z","buildId":"94f6e9d9-ae13-47a8-aac8-d9dd7b4234aa","buildName":"projects/1011603159364/locations/us-central1/builds/94f6e9d9-ae13-47a8-aac8-d9dd7b4234aa"}}
[debug] [2021-12-07T14:27:00.100Z] [update-us-central1-api] Retrying task index 0
[debug] [2021-12-07T14:27:00.102Z] >>> [apiv2][query] GET https://cloudfunctions.googleapis.com/v1/operations/Y2xvbmUtMjI1MGEvdXMtY2VudHJhbDEvYXBpL1RqNVF1OWgzaUxJ [none]
[debug] [2021-12-07T14:27:00.580Z] <<< [apiv2][status] GET https://cloudfunctions.googleapis.com/v1/operations/Y2xvbmUtMjI1MGEvdXMtY2VudHJhbDEvYXBpL1RqNVF1OWgzaUxJ 200
[debug] [2021-12-07T14:27:00.581Z] <<< [apiv2][body] GET https://cloudfunctions.googleapis.com/v1/operations/Y2xvbmUtMjI1MGEvdXMtY2VudHJhbDEvYXBpL1RqNVF1OWgzaUxJ {"name":"operations/Y2xvbmUtMjI1MGEvdXMtY2VudHJhbDEvYXBpL1RqNVF1OWgzaUxJ","metadata":{"@type":"type.googleapis.com/google.cloud.functions.v1.OperationMetadataV1","target":"projects/clone-2250a/locations/us-central1/functions/api","type":"UPDATE_FUNCTION","request":{"@type":"type.googleapis.com/google.cloud.functions.v1.CloudFunction","name":"projects/clone-2250a/locations/us-central1/functions/api","httpsTrigger":{},"status":"ACTIVE","entryPoint":"api","timeout":"60s","availableMemoryMb":256,"serviceAccountEmail":"clone-2250a@appspot.gserviceaccount.com","updateTime":"2021-12-07T12:19:47.685Z","versionId":"2","labels":{"deployment-tool":"cli-firebase"},"sourceUploadUrl":"https://storage.googleapis.com/gcf-upload-us-central1-a6f45a98-58ac-43f4-97f1-3b3e14db3f62/8b8675e5-947b-44ac-a989-07bc9f275ba3.zip?GoogleAccessId=service-1011603159364@gcf-admin-robot.iam.gserviceaccount.com&Expires=1638888956&Signature=OYyqgKloyr8%2BIuDuVtXAO4mBnvP1TBEUNGaEiEQ%2FpaYUsQ4%2B%2B9C%2B8QNUuBb2hRu2Enb4NTDcxgXVV2Y%2Bzh997inopOW6TsKDHw1Ks%2Bly3JrSRWzHUEoYoq6IukVmjIoW9L2mq%2BB6GWeLqYARTWFsHjMUFjGGsMM46KIW6YkXKptRubOXEoNpYwSICRVAVyLdE95HK1a0x9zNiS1BIXJDhMR6cA4Ql7qx51P3M7CuEuPqbSxeEShHFPpR9CgL3N2Spk6hbdz4BTRY4hZUXLtR5rb2eTzlFMrOgHL1pLQSLNZMcjh%2B%2BLwB1wZcrvjVYCVQlTnZnXRQ%2BFPwyLI7s8w2uw%3D%3D","environmentVariables":{"FIREBASE_CONFIG":"{\"projectId\":\"clone-2250a\",\"storageBucket\":\"clone-2250a.appspot.com\",\"locationId\":\"asia-southeast1\"}","GCLOUD_PROJECT":"clone-2250a"},"runtime":"nodejs14","ingressSettings":"ALLOW_ALL","buildId":"33e866e9-2371-4d95-9685-b34463cde2b9","buildName":"projects/1011603159364/locations/us-central1/builds/33e866e9-2371-4d95-9685-b34463cde2b9"},"versionId":"3","updateTime":"2021-12-07T14:26:01Z","buildId":"94f6e9d9-ae13-47a8-aac8-d9dd7b4234aa","sourceToken":"02c7087e-052f-4c3a-988c-96716bf5c8bd","buildName":"projects/1011603159364/locations/us-central1/builds/94f6e9d9-ae13-47a8-aac8-d9dd7b4234aa"}}
[debug] [2021-12-07T14:27:00.581Z] Got source token 02c7087e-052f-4c3a-988c-96716bf5c8bd for region us-central1
